<?xml version="1.0" encoding="UTF-8"?>
<testsuite name="agh.ics.oop.Vector2dTest" tests="9" skipped="0" failures="0" errors="0" timestamp="2022-10-15T10:16:43" hostname="LAPTOP-35AATGEU" time="0.078">
  <properties/>
  <testcase name="upperRightTest()" classname="agh.ics.oop.Vector2dTest" time="0.042"/>
  <testcase name="addTest()" classname="agh.ics.oop.Vector2dTest" time="0.001"/>
  <testcase name="precedesTest()" classname="agh.ics.oop.Vector2dTest" time="0.005"/>
  <testcase name="oppositeTest()" classname="agh.ics.oop.Vector2dTest" time="0.001"/>
  <testcase name="lowerLeftTest()" classname="agh.ics.oop.Vector2dTest" time="0.001"/>
  <testcase name="equalsTest()" classname="agh.ics.oop.Vector2dTest" time="0.001"/>
  <testcase name="toStringTest()" classname="agh.ics.oop.Vector2dTest" time="0.013"/>
  <testcase name="subtractTest()" classname="agh.ics.oop.Vector2dTest" time="0.002"/>
  <testcase name="followsTest()" classname="agh.ics.oop.Vector2dTest" time="0.001"/>
  <system-out><![CDATA[]]></system-out>
  <system-err><![CDATA[]]></system-err>
</testsuite>
