<?xml version="1.0" encoding="UTF-8"?>
<testsuite name="agh.ics.oop.RectangularMapTest" tests="1" skipped="0" failures="0" errors="0" timestamp="2022-11-20T14:35:42" hostname="LAPTOP-35AATGEU" time="0.04">
  <properties/>
  <testcase name="placeTest()" classname="agh.ics.oop.RectangularMapTest" time="0.04"/>
  <system-out><![CDATA[]]></system-out>
  <system-err><![CDATA[]]></system-err>
</testsuite>
